{"uid":"e5ce9fff88a9b8d0","name":"Validate Council Output [HounslowCouncil]","fullName":"features/validate_council_outputs.feature:Validate Council Output","historyId":"aac44c456757cf049173908c3c74b9ca","time":{"start":1728173023441,"stop":1728173269483,"duration":246042},"status":"failed","statusMessage":"selenium.common.exceptions.TimeoutException: Message: \nStacktrace:\n#0 0x560105a0b13a <unknown>\n#1 0x5601056f15e0 <unknown>\n#2 0x560105740be8 <unknown>\n#3 0x560105740e81 <unknown>\n#4 0x5601057878c4 <unknown>\n#5 0x560105765b4d <unknown>\n#6 0x560105784d7d <unknown>\n#7 0x5601057658c3 <unknown>\n#8 0x5601057336b3 <unknown>\n#9 0x56010573468e <unknown>\n#10 0x5601059d5b3b <unknown>\n#11 0x5601059d9ac1 <unknown>\n#12 0x5601059c2335 <unknown>\n#13 0x5601059da642 <unknown>\n#14 0x5601059a749f <unknown>\n#15 0x5601059fa038 <unknown>\n#16 0x5601059fa203 <unknown>\n#17 0x560105a09f8c <unknown>\n#18 0x7fa81076ca94 <unknown>\n#19 0x7fa8107f9a34 __clone","statusTrace":"fixturefunc = <function scrape_step at 0x7f73eba27c40>\nrequest = <FixtureRequest for <Function test_scenario_outline[HounslowCouncil]>>\nkwargs = {'context': <test_validate_council.Context object at 0x7f73fe53ac60>, 'headless_mode': 'True', 'local_browser': 'False', 'selenium_url': 'http://localhost:4444'}\n\n    def call_fixture_func(\n        fixturefunc: _FixtureFunc[FixtureValue], request: FixtureRequest, kwargs\n    ) -> FixtureValue:\n        if is_generator(fixturefunc):\n            fixturefunc = cast(\n                Callable[..., Generator[FixtureValue, None, None]], fixturefunc\n            )\n            generator = fixturefunc(**kwargs)\n            try:\n                fixture_result = next(generator)\n            except StopIteration:\n                raise ValueError(f\"{request.fixturename} did not yield a value\") from None\n            finalizer = functools.partial(_teardown_yield_fixture, fixturefunc, generator)\n            request.addfinalizer(finalizer)\n        else:\n            fixturefunc = cast(Callable[..., FixtureValue], fixturefunc)\n>           fixture_result = fixturefunc(**kwargs)\n\n../../../.cache/pypoetry/virtualenvs/uk-bin-collection-EwS6Gn8s-py3.12/lib/python3.12/site-packages/_pytest/fixtures.py:898: \n_ _ _ _ _ _ _ _ _ _ _ _ _ _ _ _ _ _ _ _ _ _ _ _ _ _ _ _ _ _ _ _ _ _ _ _ _ _ _ _ \nuk_bin_collection/tests/step_defs/test_validate_council.py:100: in scrape_step\n    context.parse_result = CollectData.run()\nuk_bin_collection/uk_bin_collection/collect_data.py:101: in run\n    return self.client_code(\nuk_bin_collection/uk_bin_collection/collect_data.py:121: in client_code\n    return get_bin_data_class.template_method(address_url, **kwargs)\nuk_bin_collection/uk_bin_collection/get_bin_data.py:61: in template_method\n    bin_data_dict = self.get_and_parse_data(this_url, **kwargs)\nuk_bin_collection/uk_bin_collection/get_bin_data.py:84: in get_and_parse_data\n    bin_data_dict = self.parse_data(\"\", url=address_url, **kwargs)\nuk_bin_collection/uk_bin_collection/councils/HounslowCouncil.py:65: in parse_data\n    inputElement_select_address = wait.until(\n_ _ _ _ _ _ _ _ _ _ _ _ _ _ _ _ _ _ _ _ _ _ _ _ _ _ _ _ _ _ _ _ _ _ _ _ _ _ _ _ \n\nself = <selenium.webdriver.support.wait.WebDriverWait (session=\"12c4ff71743850e406721779a777b73d\")>\nmethod = <function element_to_be_clickable.<locals>._predicate at 0x7f73eb778a40>\nmessage = ''\n\n    def until(self, method: Callable[[D], Union[Literal[False], T]], message: str = \"\") -> T:\n        \"\"\"Calls the method provided with the driver as an argument until the \\\n        return value does not evaluate to ``False``.\n    \n        :param method: callable(WebDriver)\n        :param message: optional message for :exc:`TimeoutException`\n        :returns: the result of the last call to `method`\n        :raises: :exc:`selenium.common.exceptions.TimeoutException` if timeout occurs\n        \"\"\"\n        screen = None\n        stacktrace = None\n    \n        end_time = time.monotonic() + self._timeout\n        while True:\n            try:\n                value = method(self._driver)\n                if value:\n                    return value\n            except self._ignored_exceptions as exc:\n                screen = getattr(exc, \"screen\", None)\n                stacktrace = getattr(exc, \"stacktrace\", None)\n            time.sleep(self._poll)\n            if time.monotonic() > end_time:\n                break\n>       raise TimeoutException(message, screen, stacktrace)\nE       selenium.common.exceptions.TimeoutException: Message: \nE       Stacktrace:\nE       #0 0x560105a0b13a <unknown>\nE       #1 0x5601056f15e0 <unknown>\nE       #2 0x560105740be8 <unknown>\nE       #3 0x560105740e81 <unknown>\nE       #4 0x5601057878c4 <unknown>\nE       #5 0x560105765b4d <unknown>\nE       #6 0x560105784d7d <unknown>\nE       #7 0x5601057658c3 <unknown>\nE       #8 0x5601057336b3 <unknown>\nE       #9 0x56010573468e <unknown>\nE       #10 0x5601059d5b3b <unknown>\nE       #11 0x5601059d9ac1 <unknown>\nE       #12 0x5601059c2335 <unknown>\nE       #13 0x5601059da642 <unknown>\nE       #14 0x5601059a749f <unknown>\nE       #15 0x5601059fa038 <unknown>\nE       #16 0x5601059fa203 <unknown>\nE       #17 0x560105a09f8c <unknown>\nE       #18 0x7fa81076ca94 <unknown>\nE       #19 0x7fa8107f9a34 __clone\n\n../../../.cache/pypoetry/virtualenvs/uk-bin-collection-EwS6Gn8s-py3.12/lib/python3.12/site-packages/selenium/webdriver/support/wait.py:105: TimeoutException","flaky":false,"newFailed":true,"newBroken":false,"newPassed":false,"retriesCount":0,"retriesStatusChange":false,"beforeStages":[],"testStage":{"status":"failed","statusMessage":"selenium.common.exceptions.TimeoutException: Message: \nStacktrace:\n#0 0x560105a0b13a <unknown>\n#1 0x5601056f15e0 <unknown>\n#2 0x560105740be8 <unknown>\n#3 0x560105740e81 <unknown>\n#4 0x5601057878c4 <unknown>\n#5 0x560105765b4d <unknown>\n#6 0x560105784d7d <unknown>\n#7 0x5601057658c3 <unknown>\n#8 0x5601057336b3 <unknown>\n#9 0x56010573468e <unknown>\n#10 0x5601059d5b3b <unknown>\n#11 0x5601059d9ac1 <unknown>\n#12 0x5601059c2335 <unknown>\n#13 0x5601059da642 <unknown>\n#14 0x5601059a749f <unknown>\n#15 0x5601059fa038 <unknown>\n#16 0x5601059fa203 <unknown>\n#17 0x560105a09f8c <unknown>\n#18 0x7fa81076ca94 <unknown>\n#19 0x7fa8107f9a34 __clone","statusTrace":"fixturefunc = <function scrape_step at 0x7f73eba27c40>\nrequest = <FixtureRequest for <Function test_scenario_outline[HounslowCouncil]>>\nkwargs = {'context': <test_validate_council.Context object at 0x7f73fe53ac60>, 'headless_mode': 'True', 'local_browser': 'False', 'selenium_url': 'http://localhost:4444'}\n\n    def call_fixture_func(\n        fixturefunc: _FixtureFunc[FixtureValue], request: FixtureRequest, kwargs\n    ) -> FixtureValue:\n        if is_generator(fixturefunc):\n            fixturefunc = cast(\n                Callable[..., Generator[FixtureValue, None, None]], fixturefunc\n            )\n            generator = fixturefunc(**kwargs)\n            try:\n                fixture_result = next(generator)\n            except StopIteration:\n                raise ValueError(f\"{request.fixturename} did not yield a value\") from None\n            finalizer = functools.partial(_teardown_yield_fixture, fixturefunc, generator)\n            request.addfinalizer(finalizer)\n        else:\n            fixturefunc = cast(Callable[..., FixtureValue], fixturefunc)\n>           fixture_result = fixturefunc(**kwargs)\n\n../../../.cache/pypoetry/virtualenvs/uk-bin-collection-EwS6Gn8s-py3.12/lib/python3.12/site-packages/_pytest/fixtures.py:898: \n_ _ _ _ _ _ _ _ _ _ _ _ _ _ _ _ _ _ _ _ _ _ _ _ _ _ _ _ _ _ _ _ _ _ _ _ _ _ _ _ \nuk_bin_collection/tests/step_defs/test_validate_council.py:100: in scrape_step\n    context.parse_result = CollectData.run()\nuk_bin_collection/uk_bin_collection/collect_data.py:101: in run\n    return self.client_code(\nuk_bin_collection/uk_bin_collection/collect_data.py:121: in client_code\n    return get_bin_data_class.template_method(address_url, **kwargs)\nuk_bin_collection/uk_bin_collection/get_bin_data.py:61: in template_method\n    bin_data_dict = self.get_and_parse_data(this_url, **kwargs)\nuk_bin_collection/uk_bin_collection/get_bin_data.py:84: in get_and_parse_data\n    bin_data_dict = self.parse_data(\"\", url=address_url, **kwargs)\nuk_bin_collection/uk_bin_collection/councils/HounslowCouncil.py:65: in parse_data\n    inputElement_select_address = wait.until(\n_ _ _ _ _ _ _ _ _ _ _ _ _ _ _ _ _ _ _ _ _ _ _ _ _ _ _ _ _ _ _ _ _ _ _ _ _ _ _ _ \n\nself = <selenium.webdriver.support.wait.WebDriverWait (session=\"12c4ff71743850e406721779a777b73d\")>\nmethod = <function element_to_be_clickable.<locals>._predicate at 0x7f73eb778a40>\nmessage = ''\n\n    def until(self, method: Callable[[D], Union[Literal[False], T]], message: str = \"\") -> T:\n        \"\"\"Calls the method provided with the driver as an argument until the \\\n        return value does not evaluate to ``False``.\n    \n        :param method: callable(WebDriver)\n        :param message: optional message for :exc:`TimeoutException`\n        :returns: the result of the last call to `method`\n        :raises: :exc:`selenium.common.exceptions.TimeoutException` if timeout occurs\n        \"\"\"\n        screen = None\n        stacktrace = None\n    \n        end_time = time.monotonic() + self._timeout\n        while True:\n            try:\n                value = method(self._driver)\n                if value:\n                    return value\n            except self._ignored_exceptions as exc:\n                screen = getattr(exc, \"screen\", None)\n                stacktrace = getattr(exc, \"stacktrace\", None)\n            time.sleep(self._poll)\n            if time.monotonic() > end_time:\n                break\n>       raise TimeoutException(message, screen, stacktrace)\nE       selenium.common.exceptions.TimeoutException: Message: \nE       Stacktrace:\nE       #0 0x560105a0b13a <unknown>\nE       #1 0x5601056f15e0 <unknown>\nE       #2 0x560105740be8 <unknown>\nE       #3 0x560105740e81 <unknown>\nE       #4 0x5601057878c4 <unknown>\nE       #5 0x560105765b4d <unknown>\nE       #6 0x560105784d7d <unknown>\nE       #7 0x5601057658c3 <unknown>\nE       #8 0x5601057336b3 <unknown>\nE       #9 0x56010573468e <unknown>\nE       #10 0x5601059d5b3b <unknown>\nE       #11 0x5601059d9ac1 <unknown>\nE       #12 0x5601059c2335 <unknown>\nE       #13 0x5601059da642 <unknown>\nE       #14 0x5601059a749f <unknown>\nE       #15 0x5601059fa038 <unknown>\nE       #16 0x5601059fa203 <unknown>\nE       #17 0x560105a09f8c <unknown>\nE       #18 0x7fa81076ca94 <unknown>\nE       #19 0x7fa8107f9a34 __clone\n\n../../../.cache/pypoetry/virtualenvs/uk-bin-collection-EwS6Gn8s-py3.12/lib/python3.12/site-packages/selenium/webdriver/support/wait.py:105: TimeoutException","steps":[{"name":"Given the council","time":{"start":1728173023441,"stop":1728173023442,"duration":1},"status":"passed","steps":[],"attachments":[],"parameters":[],"shouldDisplayMessage":false,"stepsCount":0,"attachmentsCount":0,"hasContent":false,"attachmentStep":false},{"name":"When we scrape the data from the council","time":{"start":1728173023442,"stop":1728173269483,"duration":246041},"status":"failed","statusMessage":"Message: \nStacktrace:\n#0 0x560105a0b13a <unknown>\n#1 0x5601056f15e0 <unknown>\n#2 0x560105740be8 <unknown>\n#3 0x560105740e81 <unknown>\n#4 0x5601057878c4 <unknown>\n#5 0x560105765b4d <unknown>\n#6 0x560105784d7d <unknown>\n#7 0x5601057658c3 <unknown>\n#8 0x5601057336b3 <unknown>\n#9 0x56010573468e <unknown>\n#10 0x5601059d5b3b <unknown>\n#11 0x5601059d9ac1 <unknown>\n#12 0x5601059c2335 <unknown>\n#13 0x5601059da642 <unknown>\n#14 0x5601059a749f <unknown>\n#15 0x5601059fa038 <unknown>\n#16 0x5601059fa203 <unknown>\n#17 0x560105a09f8c <unknown>\n#18 0x7fa81076ca94 <unknown>\n#19 0x7fa8107f9a34 __clone\n","statusTrace":"selenium.common.exceptions.TimeoutException: Message: \nStacktrace:\n#0 0x560105a0b13a <unknown>\n#1 0x5601056f15e0 <unknown>\n#2 0x560105740be8 <unknown>\n#3 0x560105740e81 <unknown>\n#4 0x5601057878c4 <unknown>\n#5 0x560105765b4d <unknown>\n#6 0x560105784d7d <unknown>\n#7 0x5601057658c3 <unknown>\n#8 0x5601057336b3 <unknown>\n#9 0x56010573468e <unknown>\n#10 0x5601059d5b3b <unknown>\n#11 0x5601059d9ac1 <unknown>\n#12 0x5601059c2335 <unknown>\n#13 0x5601059da642 <unknown>\n#14 0x5601059a749f <unknown>\n#15 0x5601059fa038 <unknown>\n#16 0x5601059fa203 <unknown>\n#17 0x560105a09f8c <unknown>\n#18 0x7fa81076ca94 <unknown>\n#19 0x7fa8107f9a34 __clone\n\n","steps":[],"attachments":[],"parameters":[],"shouldDisplayMessage":true,"stepsCount":0,"attachmentsCount":0,"hasContent":true,"attachmentStep":false}],"attachments":[{"uid":"72b58bc6afaeff1f","name":"stdout","source":"72b58bc6afaeff1f.txt","type":"text/plain","size":652}],"parameters":[],"shouldDisplayMessage":true,"stepsCount":2,"attachmentsCount":1,"hasContent":true,"attachmentStep":false},"afterStages":[],"labels":[{"name":"host","value":"fv-az975-66"},{"name":"thread","value":"2865-MainThread"},{"name":"framework","value":"pytest-bdd"},{"name":"language","value":"cpython3"},{"name":"feature","value":"Test each council output matches expected results"},{"name":"resultFormat","value":"allure2"}],"parameters":[{"name":"council","value":"HounslowCouncil"}],"links":[],"hidden":false,"retry":false,"extra":{"severity":"normal","retries":[],"categories":[{"name":"Product defects","matchedStatuses":[],"flaky":false}],"history":{"statistic":{"failed":13,"broken":0,"skipped":0,"passed":132,"unknown":0,"total":145},"items":[{"uid":"eb6fbbaca4fcd147","reportUrl":"https://robbrad.github.io/UKBinCollectionData/3.12/2160//#testresult/eb6fbbaca4fcd147","status":"passed","time":{"start":1728086584632,"stop":1728086731087,"duration":146455}},{"uid":"d0d639edba3129c8","reportUrl":"https://robbrad.github.io/UKBinCollectionData/3.12/2152//#testresult/d0d639edba3129c8","status":"passed","time":{"start":1728000163913,"stop":1728000319806,"duration":155893}},{"uid":"7685ac941ba55dd4","reportUrl":"https://robbrad.github.io/UKBinCollectionData/3.12/2148//#testresult/7685ac941ba55dd4","status":"passed","time":{"start":1727932376844,"stop":1727932625018,"duration":248174}},{"uid":"48e275d2b3ca4a67","reportUrl":"https://robbrad.github.io/UKBinCollectionData/3.12/2146//#testresult/48e275d2b3ca4a67","status":"passed","time":{"start":1727914431966,"stop":1727914472005,"duration":40039}},{"uid":"a778f3e65b7108f0","reportUrl":"https://robbrad.github.io/UKBinCollectionData/3.12/2139//#testresult/a778f3e65b7108f0","status":"passed","time":{"start":1727827701123,"stop":1727827970591,"duration":269468}},{"uid":"bd043d7899f9f484","reportUrl":"https://robbrad.github.io/UKBinCollectionData/3.12/2138//#testresult/bd043d7899f9f484","status":"passed","time":{"start":1727741296773,"stop":1727741592079,"duration":295306}},{"uid":"23d522fdff91bde7","reportUrl":"https://robbrad.github.io/UKBinCollectionData/3.12/2137//#testresult/23d522fdff91bde7","status":"passed","time":{"start":1727655169459,"stop":1727655209601,"duration":40142}},{"uid":"18c1f07dcaef844f","reportUrl":"https://robbrad.github.io/UKBinCollectionData/3.12/2136//#testresult/18c1f07dcaef844f","status":"passed","time":{"start":1727569157444,"stop":1727569191676,"duration":34232}},{"uid":"ddfae889896a51ac","reportUrl":"https://robbrad.github.io/UKBinCollectionData/3.12/2135//#testresult/ddfae889896a51ac","status":"passed","time":{"start":1727482116106,"stop":1727482415407,"duration":299301}},{"uid":"d93e17df5fed8a3b","reportUrl":"https://robbrad.github.io/UKBinCollectionData/3.12/2131//#testresult/d93e17df5fed8a3b","status":"passed","time":{"start":1727422075470,"stop":1727422327604,"duration":252134}},{"uid":"e274e2c03c4a424b","reportUrl":"https://robbrad.github.io/UKBinCollectionData/3.12/2130//#testresult/e274e2c03c4a424b","status":"passed","time":{"start":1727396081729,"stop":1727396140773,"duration":59044}},{"uid":"e165274807203df9","reportUrl":"https://robbrad.github.io/UKBinCollectionData/3.12/2129//#testresult/e165274807203df9","status":"passed","time":{"start":1727309352641,"stop":1727309611546,"duration":258905}},{"uid":"f9a3e8ad8f5383d7","reportUrl":"https://robbrad.github.io/UKBinCollectionData/3.12/2128//#testresult/f9a3e8ad8f5383d7","status":"passed","time":{"start":1727223269441,"stop":1727223306030,"duration":36589}},{"uid":"981279208b900dd7","reportUrl":"https://robbrad.github.io/UKBinCollectionData/3.12/2127//#testresult/981279208b900dd7","status":"passed","time":{"start":1727136794003,"stop":1727136924789,"duration":130786}},{"uid":"162e28a4e9c5a68d","reportUrl":"https://robbrad.github.io/UKBinCollectionData/3.12/2126//#testresult/162e28a4e9c5a68d","status":"failed","statusDetails":"selenium.common.exceptions.SessionNotCreatedException: Message: Could not start a new session. New session request timed out \nHost info: host: 'selenium', ip: '172.18.0.2'\nBuild info: version: '4.25.0', revision: '030fcf7918'\nSystem info: os.name: 'Linux', os.arch: 'amd64', os.version: '6.8.0-1014-azure', java.version: '17.0.12'\nDriver info: driver.version: unknown\nStacktrace:\n    at org.openqa.selenium.grid.sessionqueue.local.LocalNewSessionQueue.addToQueue (LocalNewSessionQueue.java:221)\n    at org.openqa.selenium.grid.sessionqueue.NewSessionQueue.lambda$new$0 (NewSessionQueue.java:68)\n    at org.openqa.selenium.remote.http.Route$TemplatizedRoute.handle (Route.java:192)\n    at org.openqa.selenium.remote.http.Route.execute (Route.java:69)\n    at org.openqa.selenium.remote.http.Route$CombinedRoute.handle (Route.java:360)\n    at org.openqa.selenium.remote.http.Route.execute (Route.java:69)\n    at org.openqa.selenium.grid.sessionqueue.NewSessionQueue.execute (NewSessionQueue.java:128)\n    at org.openqa.selenium.remote.tracing.SpanWrappedHttpHandler.execute (SpanWrappedHttpHandler.java:87)\n    at org.openqa.selenium.remote.http.Filter$1.execute (Filter.java:63)\n    at org.openqa.selenium.remote.http.Route$CombinedRoute.handle (Route.java:360)\n    at org.openqa.selenium.remote.http.Route.execute (Route.java:69)\n    at org.openqa.selenium.grid.router.Router.execute (Router.java:87)\n    at org.openqa.selenium.grid.web.EnsureSpecCompliantResponseHeaders.lambda$apply$0 (EnsureSpecCompliantResponseHeaders.java:34)\n    at org.openqa.selenium.remote.http.Filter$1.execute (Filter.java:63)\n    at org.openqa.selenium.remote.http.Route$CombinedRoute.handle (Route.java:360)\n    at org.openqa.selenium.remote.http.Route.execute (Route.java:69)\n    at org.openqa.selenium.remote.AddWebDriverSpecHeaders.lambda$apply$0 (AddWebDriverSpecHeaders.java:35)\n    at org.openqa.selenium.remote.ErrorFilter.lambda$apply$0 (ErrorFilter.java:44)\n    at org.openqa.selenium.remote.http.Filter$1.execute (Filter.java:63)\n    at org.openqa.selenium.remote.ErrorFilter.lambda$apply$0 (ErrorFilter.java:44)\n    at org.openqa.selenium.remote.http.Filter$1.execute (Filter.java:63)\n    at org.openqa.selenium.netty.server.SeleniumHandler.lambda$channelRead0$0 (SeleniumHandler.java:44)\n    at java.util.concurrent.Executors$RunnableAdapter.call (Executors.java:539)\n    at java.util.concurrent.FutureTask.run (FutureTask.java:264)\n    at java.util.concurrent.ThreadPoolExecutor.runWorker (ThreadPoolExecutor.java:1136)\n    at java.util.concurrent.ThreadPoolExecutor$Worker.run (ThreadPoolExecutor.java:635)\n    at java.lang.Thread.run (Thread.java:840)","time":{"start":1727050183603,"stop":1727050483612,"duration":300009}},{"uid":"d5b5f9f90aa93369","reportUrl":"https://robbrad.github.io/UKBinCollectionData/3.12/2125//#testresult/d5b5f9f90aa93369","status":"passed","time":{"start":1726963798493,"stop":1726964102455,"duration":303962}},{"uid":"7011252d0534cac9","reportUrl":"https://robbrad.github.io/UKBinCollectionData/3.12/2124//#testresult/7011252d0534cac9","status":"passed","time":{"start":1726877631519,"stop":1726877752921,"duration":121402}},{"uid":"ebc95078b24e5a25","reportUrl":"https://robbrad.github.io/UKBinCollectionData/3.12/2123//#testresult/ebc95078b24e5a25","status":"passed","time":{"start":1726791289426,"stop":1726791348918,"duration":59492}},{"uid":"f77c277f55164c4e","reportUrl":"https://robbrad.github.io/UKBinCollectionData/3.12/2122//#testresult/f77c277f55164c4e","status":"passed","time":{"start":1726704653461,"stop":1726704904470,"duration":251009}},{"uid":"94e27b0187e0ff88","reportUrl":"https://robbrad.github.io/UKBinCollectionData/3.12/2121//#testresult/94e27b0187e0ff88","status":"passed","time":{"start":1726618176720,"stop":1726618455128,"duration":278408}}]},"tags":[]},"source":"e5ce9fff88a9b8d0.json","parameterValues":["HounslowCouncil"]}