{"uid":"f58336bbb9877291","name":"Validate Council Output [GloucesterCityCouncil]","fullName":"features/validate_council_outputs.feature:Validate Council Output","historyId":"06eb13750718e2f81de5a1c44077aa52","time":{"start":1728173677653,"stop":1728173977685,"duration":300032},"status":"failed","statusMessage":"selenium.common.exceptions.SessionNotCreatedException: Message: Could not start a new session. New session request timed out \nHost info: host: 'selenium', ip: '172.18.0.2'\nBuild info: version: '4.25.0', revision: '030fcf7918'\nSystem info: os.name: 'Linux', os.arch: 'amd64', os.version: '6.8.0-1014-azure', java.version: '17.0.12'\nDriver info: driver.version: unknown\nStacktrace:\n    at org.openqa.selenium.grid.sessionqueue.local.LocalNewSessionQueue.addToQueue (LocalNewSessionQueue.java:221)\n    at org.openqa.selenium.grid.sessionqueue.NewSessionQueue.lambda$new$0 (NewSessionQueue.java:68)\n    at org.openqa.selenium.remote.http.Route$TemplatizedRoute.handle (Route.java:192)\n    at org.openqa.selenium.remote.http.Route.execute (Route.java:69)\n    at org.openqa.selenium.remote.http.Route$CombinedRoute.handle (Route.java:360)\n    at org.openqa.selenium.remote.http.Route.execute (Route.java:69)\n    at org.openqa.selenium.grid.sessionqueue.NewSessionQueue.execute (NewSessionQueue.java:128)\n    at org.openqa.selenium.remote.tracing.SpanWrappedHttpHandler.execute (SpanWrappedHttpHandler.java:87)\n    at org.openqa.selenium.remote.http.Filter$1.execute (Filter.java:63)\n    at org.openqa.selenium.remote.http.Route$CombinedRoute.handle (Route.java:360)\n    at org.openqa.selenium.remote.http.Route.execute (Route.java:69)\n    at org.openqa.selenium.grid.router.Router.execute (Router.java:87)\n    at org.openqa.selenium.grid.web.EnsureSpecCompliantResponseHeaders.lambda$apply$0 (EnsureSpecCompliantResponseHeaders.java:34)\n    at org.openqa.selenium.remote.http.Filter$1.execute (Filter.java:63)\n    at org.openqa.selenium.remote.http.Route$CombinedRoute.handle (Route.java:360)\n    at org.openqa.selenium.remote.http.Route.execute (Route.java:69)\n    at org.openqa.selenium.remote.AddWebDriverSpecHeaders.lambda$apply$0 (AddWebDriverSpecHeaders.java:35)\n    at org.openqa.selenium.remote.ErrorFilter.lambda$apply$0 (ErrorFilter.java:44)\n    at org.openqa.selenium.remote.http.Filter$1.execute (Filter.java:63)\n    at org.openqa.selenium.remote.ErrorFilter.lambda$apply$0 (ErrorFilter.java:44)\n    at org.openqa.selenium.remote.http.Filter$1.execute (Filter.java:63)\n    at org.openqa.selenium.netty.server.SeleniumHandler.lambda$channelRead0$0 (SeleniumHandler.java:44)\n    at java.util.concurrent.Executors$RunnableAdapter.call (Executors.java:539)\n    at java.util.concurrent.FutureTask.run (FutureTask.java:264)\n    at java.util.concurrent.ThreadPoolExecutor.runWorker (ThreadPoolExecutor.java:1136)\n    at java.util.concurrent.ThreadPoolExecutor$Worker.run (ThreadPoolExecutor.java:635)\n    at java.lang.Thread.run (Thread.java:840)","statusTrace":"fixturefunc = <function scrape_step at 0x7fd5d4fc00e0>\nrequest = <FixtureRequest for <Function test_scenario_outline[GloucesterCityCouncil]>>\nkwargs = {'context': <test_validate_council.Context object at 0x7fd5e3a95610>, 'headless_mode': 'True', 'local_browser': 'False', 'selenium_url': 'http://localhost:4444'}\n\n    def call_fixture_func(\n        fixturefunc: _FixtureFunc[FixtureValue], request: FixtureRequest, kwargs\n    ) -> FixtureValue:\n        if is_generator(fixturefunc):\n            fixturefunc = cast(\n                Callable[..., Generator[FixtureValue, None, None]], fixturefunc\n            )\n            generator = fixturefunc(**kwargs)\n            try:\n                fixture_result = next(generator)\n            except StopIteration:\n                raise ValueError(f\"{request.fixturename} did not yield a value\") from None\n            finalizer = functools.partial(_teardown_yield_fixture, fixturefunc, generator)\n            request.addfinalizer(finalizer)\n        else:\n            fixturefunc = cast(Callable[..., FixtureValue], fixturefunc)\n>           fixture_result = fixturefunc(**kwargs)\n\n../../../.cache/pypoetry/virtualenvs/uk-bin-collection-EwS6Gn8s-py3.12/lib/python3.12/site-packages/_pytest/fixtures.py:898: \n_ _ _ _ _ _ _ _ _ _ _ _ _ _ _ _ _ _ _ _ _ _ _ _ _ _ _ _ _ _ _ _ _ _ _ _ _ _ _ _ \nuk_bin_collection/tests/step_defs/test_validate_council.py:100: in scrape_step\n    context.parse_result = CollectData.run()\nuk_bin_collection/uk_bin_collection/collect_data.py:101: in run\n    return self.client_code(\nuk_bin_collection/uk_bin_collection/collect_data.py:121: in client_code\n    return get_bin_data_class.template_method(address_url, **kwargs)\nuk_bin_collection/uk_bin_collection/get_bin_data.py:61: in template_method\n    bin_data_dict = self.get_and_parse_data(this_url, **kwargs)\nuk_bin_collection/uk_bin_collection/get_bin_data.py:84: in get_and_parse_data\n    bin_data_dict = self.parse_data(\"\", url=address_url, **kwargs)\nuk_bin_collection/uk_bin_collection/councils/GloucesterCityCouncil.py:37: in parse_data\n    driver = create_webdriver(web_driver, headless, None, __name__)\nuk_bin_collection/uk_bin_collection/common.py:323: in create_webdriver\n    return webdriver.Remote(command_executor=web_driver, options=options)\n../../../.cache/pypoetry/virtualenvs/uk-bin-collection-EwS6Gn8s-py3.12/lib/python3.12/site-packages/selenium/webdriver/remote/webdriver.py:212: in __init__\n    self.start_session(capabilities)\n../../../.cache/pypoetry/virtualenvs/uk-bin-collection-EwS6Gn8s-py3.12/lib/python3.12/site-packages/selenium/webdriver/remote/webdriver.py:299: in start_session\n    response = self.execute(Command.NEW_SESSION, caps)[\"value\"]\n../../../.cache/pypoetry/virtualenvs/uk-bin-collection-EwS6Gn8s-py3.12/lib/python3.12/site-packages/selenium/webdriver/remote/webdriver.py:354: in execute\n    self.error_handler.check_response(response)\n_ _ _ _ _ _ _ _ _ _ _ _ _ _ _ _ _ _ _ _ _ _ _ _ _ _ _ _ _ _ _ _ _ _ _ _ _ _ _ _ \n\nself = <selenium.webdriver.remote.errorhandler.ErrorHandler object at 0x7fd5d42d2600>\nresponse = {'status': 500, 'value': '{\\n  \"value\": {\\n    \"error\": \"session not created\",\\n    \"message\": \"Could not start a new ...\"className\": \"java.lang.Thread\",\\n        \"lineNumber\": 840,\\n        \"classLoaderName\": null\\n      }\\n    ]\\n  }\\n}'}\n\n    def check_response(self, response: Dict[str, Any]) -> None:\n        \"\"\"Checks that a JSON response from the WebDriver does not have an\n        error.\n    \n        :Args:\n         - response - The JSON response from the WebDriver server as a dictionary\n           object.\n    \n        :Raises: If the response contains an error message.\n        \"\"\"\n        status = response.get(\"status\", None)\n        if not status or status == ErrorCode.SUCCESS:\n            return\n        value = None\n        message = response.get(\"message\", \"\")\n        screen: str = response.get(\"screen\", \"\")\n        stacktrace = None\n        if isinstance(status, int):\n            value_json = response.get(\"value\", None)\n            if value_json and isinstance(value_json, str):\n                import json\n    \n                try:\n                    value = json.loads(value_json)\n                    if len(value) == 1:\n                        value = value[\"value\"]\n                    status = value.get(\"error\", None)\n                    if not status:\n                        status = value.get(\"status\", ErrorCode.UNKNOWN_ERROR)\n                        message = value.get(\"value\") or value.get(\"message\")\n                        if not isinstance(message, str):\n                            value = message\n                            message = message.get(\"message\")\n                    else:\n                        message = value.get(\"message\", None)\n                except ValueError:\n                    pass\n    \n        exception_class: Type[WebDriverException]\n        e = ErrorCode()\n        error_codes = [item for item in dir(e) if not item.startswith(\"__\")]\n        for error_code in error_codes:\n            error_info = getattr(ErrorCode, error_code)\n            if isinstance(error_info, list) and status in error_info:\n                exception_class = getattr(ExceptionMapping, error_code, WebDriverException)\n                break\n        else:\n            exception_class = WebDriverException\n    \n        if not value:\n            value = response[\"value\"]\n        if isinstance(value, str):\n            raise exception_class(value)\n        if message == \"\" and \"message\" in value:\n            message = value[\"message\"]\n    \n        screen = None  # type: ignore[assignment]\n        if \"screen\" in value:\n            screen = value[\"screen\"]\n    \n        stacktrace = None\n        st_value = value.get(\"stackTrace\") or value.get(\"stacktrace\")\n        if st_value:\n            if isinstance(st_value, str):\n                stacktrace = st_value.split(\"\\n\")\n            else:\n                stacktrace = []\n                try:\n                    for frame in st_value:\n                        line = frame.get(\"lineNumber\", \"\")\n                        file = frame.get(\"fileName\", \"<anonymous>\")\n                        if line:\n                            file = f\"{file}:{line}\"\n                        meth = frame.get(\"methodName\", \"<anonymous>\")\n                        if \"className\" in frame:\n                            meth = f\"{frame['className']}.{meth}\"\n                        msg = \"    at %s (%s)\"\n                        msg = msg % (meth, file)\n                        stacktrace.append(msg)\n                except TypeError:\n                    pass\n        if exception_class == UnexpectedAlertPresentException:\n            alert_text = None\n            if \"data\" in value:\n                alert_text = value[\"data\"].get(\"text\")\n            elif \"alert\" in value:\n                alert_text = value[\"alert\"].get(\"text\")\n            raise exception_class(message, screen, stacktrace, alert_text)  # type: ignore[call-arg]  # mypy is not smart enough here\n>       raise exception_class(message, screen, stacktrace)\nE       selenium.common.exceptions.SessionNotCreatedException: Message: Could not start a new session. New session request timed out \nE       Host info: host: 'selenium', ip: '172.18.0.2'\nE       Build info: version: '4.25.0', revision: '030fcf7918'\nE       System info: os.name: 'Linux', os.arch: 'amd64', os.version: '6.8.0-1014-azure', java.version: '17.0.12'\nE       Driver info: driver.version: unknown\nE       Stacktrace:\nE           at org.openqa.selenium.grid.sessionqueue.local.LocalNewSessionQueue.addToQueue (LocalNewSessionQueue.java:221)\nE           at org.openqa.selenium.grid.sessionqueue.NewSessionQueue.lambda$new$0 (NewSessionQueue.java:68)\nE           at org.openqa.selenium.remote.http.Route$TemplatizedRoute.handle (Route.java:192)\nE           at org.openqa.selenium.remote.http.Route.execute (Route.java:69)\nE           at org.openqa.selenium.remote.http.Route$CombinedRoute.handle (Route.java:360)\nE           at org.openqa.selenium.remote.http.Route.execute (Route.java:69)\nE           at org.openqa.selenium.grid.sessionqueue.NewSessionQueue.execute (NewSessionQueue.java:128)\nE           at org.openqa.selenium.remote.tracing.SpanWrappedHttpHandler.execute (SpanWrappedHttpHandler.java:87)\nE           at org.openqa.selenium.remote.http.Filter$1.execute (Filter.java:63)\nE           at org.openqa.selenium.remote.http.Route$CombinedRoute.handle (Route.java:360)\nE           at org.openqa.selenium.remote.http.Route.execute (Route.java:69)\nE           at org.openqa.selenium.grid.router.Router.execute (Router.java:87)\nE           at org.openqa.selenium.grid.web.EnsureSpecCompliantResponseHeaders.lambda$apply$0 (EnsureSpecCompliantResponseHeaders.java:34)\nE           at org.openqa.selenium.remote.http.Filter$1.execute (Filter.java:63)\nE           at org.openqa.selenium.remote.http.Route$CombinedRoute.handle (Route.java:360)\nE           at org.openqa.selenium.remote.http.Route.execute (Route.java:69)\nE           at org.openqa.selenium.remote.AddWebDriverSpecHeaders.lambda$apply$0 (AddWebDriverSpecHeaders.java:35)\nE           at org.openqa.selenium.remote.ErrorFilter.lambda$apply$0 (ErrorFilter.java:44)\nE           at org.openqa.selenium.remote.http.Filter$1.execute (Filter.java:63)\nE           at org.openqa.selenium.remote.ErrorFilter.lambda$apply$0 (ErrorFilter.java:44)\nE           at org.openqa.selenium.remote.http.Filter$1.execute (Filter.java:63)\nE           at org.openqa.selenium.netty.server.SeleniumHandler.lambda$channelRead0$0 (SeleniumHandler.java:44)\nE           at java.util.concurrent.Executors$RunnableAdapter.call (Executors.java:539)\nE           at java.util.concurrent.FutureTask.run (FutureTask.java:264)\nE           at java.util.concurrent.ThreadPoolExecutor.runWorker (ThreadPoolExecutor.java:1136)\nE           at java.util.concurrent.ThreadPoolExecutor$Worker.run (ThreadPoolExecutor.java:635)\nE           at java.lang.Thread.run (Thread.java:840)\n\n../../../.cache/pypoetry/virtualenvs/uk-bin-collection-EwS6Gn8s-py3.12/lib/python3.12/site-packages/selenium/webdriver/remote/errorhandler.py:229: SessionNotCreatedException","flaky":true,"newFailed":true,"newBroken":false,"newPassed":false,"retriesCount":0,"retriesStatusChange":false,"beforeStages":[],"testStage":{"status":"failed","statusMessage":"selenium.common.exceptions.SessionNotCreatedException: Message: Could not start a new session. New session request timed out \nHost info: host: 'selenium', ip: '172.18.0.2'\nBuild info: version: '4.25.0', revision: '030fcf7918'\nSystem info: os.name: 'Linux', os.arch: 'amd64', os.version: '6.8.0-1014-azure', java.version: '17.0.12'\nDriver info: driver.version: unknown\nStacktrace:\n    at org.openqa.selenium.grid.sessionqueue.local.LocalNewSessionQueue.addToQueue (LocalNewSessionQueue.java:221)\n    at org.openqa.selenium.grid.sessionqueue.NewSessionQueue.lambda$new$0 (NewSessionQueue.java:68)\n    at org.openqa.selenium.remote.http.Route$TemplatizedRoute.handle (Route.java:192)\n    at org.openqa.selenium.remote.http.Route.execute (Route.java:69)\n    at org.openqa.selenium.remote.http.Route$CombinedRoute.handle (Route.java:360)\n    at org.openqa.selenium.remote.http.Route.execute (Route.java:69)\n    at org.openqa.selenium.grid.sessionqueue.NewSessionQueue.execute (NewSessionQueue.java:128)\n    at org.openqa.selenium.remote.tracing.SpanWrappedHttpHandler.execute (SpanWrappedHttpHandler.java:87)\n    at org.openqa.selenium.remote.http.Filter$1.execute (Filter.java:63)\n    at org.openqa.selenium.remote.http.Route$CombinedRoute.handle (Route.java:360)\n    at org.openqa.selenium.remote.http.Route.execute (Route.java:69)\n    at org.openqa.selenium.grid.router.Router.execute (Router.java:87)\n    at org.openqa.selenium.grid.web.EnsureSpecCompliantResponseHeaders.lambda$apply$0 (EnsureSpecCompliantResponseHeaders.java:34)\n    at org.openqa.selenium.remote.http.Filter$1.execute (Filter.java:63)\n    at org.openqa.selenium.remote.http.Route$CombinedRoute.handle (Route.java:360)\n    at org.openqa.selenium.remote.http.Route.execute (Route.java:69)\n    at org.openqa.selenium.remote.AddWebDriverSpecHeaders.lambda$apply$0 (AddWebDriverSpecHeaders.java:35)\n    at org.openqa.selenium.remote.ErrorFilter.lambda$apply$0 (ErrorFilter.java:44)\n    at org.openqa.selenium.remote.http.Filter$1.execute (Filter.java:63)\n    at org.openqa.selenium.remote.ErrorFilter.lambda$apply$0 (ErrorFilter.java:44)\n    at org.openqa.selenium.remote.http.Filter$1.execute (Filter.java:63)\n    at org.openqa.selenium.netty.server.SeleniumHandler.lambda$channelRead0$0 (SeleniumHandler.java:44)\n    at java.util.concurrent.Executors$RunnableAdapter.call (Executors.java:539)\n    at java.util.concurrent.FutureTask.run (FutureTask.java:264)\n    at java.util.concurrent.ThreadPoolExecutor.runWorker (ThreadPoolExecutor.java:1136)\n    at java.util.concurrent.ThreadPoolExecutor$Worker.run (ThreadPoolExecutor.java:635)\n    at java.lang.Thread.run (Thread.java:840)","statusTrace":"fixturefunc = <function scrape_step at 0x7fd5d4fc00e0>\nrequest = <FixtureRequest for <Function test_scenario_outline[GloucesterCityCouncil]>>\nkwargs = {'context': <test_validate_council.Context object at 0x7fd5e3a95610>, 'headless_mode': 'True', 'local_browser': 'False', 'selenium_url': 'http://localhost:4444'}\n\n    def call_fixture_func(\n        fixturefunc: _FixtureFunc[FixtureValue], request: FixtureRequest, kwargs\n    ) -> FixtureValue:\n        if is_generator(fixturefunc):\n            fixturefunc = cast(\n                Callable[..., Generator[FixtureValue, None, None]], fixturefunc\n            )\n            generator = fixturefunc(**kwargs)\n            try:\n                fixture_result = next(generator)\n            except StopIteration:\n                raise ValueError(f\"{request.fixturename} did not yield a value\") from None\n            finalizer = functools.partial(_teardown_yield_fixture, fixturefunc, generator)\n            request.addfinalizer(finalizer)\n        else:\n            fixturefunc = cast(Callable[..., FixtureValue], fixturefunc)\n>           fixture_result = fixturefunc(**kwargs)\n\n../../../.cache/pypoetry/virtualenvs/uk-bin-collection-EwS6Gn8s-py3.12/lib/python3.12/site-packages/_pytest/fixtures.py:898: \n_ _ _ _ _ _ _ _ _ _ _ _ _ _ _ _ _ _ _ _ _ _ _ _ _ _ _ _ _ _ _ _ _ _ _ _ _ _ _ _ \nuk_bin_collection/tests/step_defs/test_validate_council.py:100: in scrape_step\n    context.parse_result = CollectData.run()\nuk_bin_collection/uk_bin_collection/collect_data.py:101: in run\n    return self.client_code(\nuk_bin_collection/uk_bin_collection/collect_data.py:121: in client_code\n    return get_bin_data_class.template_method(address_url, **kwargs)\nuk_bin_collection/uk_bin_collection/get_bin_data.py:61: in template_method\n    bin_data_dict = self.get_and_parse_data(this_url, **kwargs)\nuk_bin_collection/uk_bin_collection/get_bin_data.py:84: in get_and_parse_data\n    bin_data_dict = self.parse_data(\"\", url=address_url, **kwargs)\nuk_bin_collection/uk_bin_collection/councils/GloucesterCityCouncil.py:37: in parse_data\n    driver = create_webdriver(web_driver, headless, None, __name__)\nuk_bin_collection/uk_bin_collection/common.py:323: in create_webdriver\n    return webdriver.Remote(command_executor=web_driver, options=options)\n../../../.cache/pypoetry/virtualenvs/uk-bin-collection-EwS6Gn8s-py3.12/lib/python3.12/site-packages/selenium/webdriver/remote/webdriver.py:212: in __init__\n    self.start_session(capabilities)\n../../../.cache/pypoetry/virtualenvs/uk-bin-collection-EwS6Gn8s-py3.12/lib/python3.12/site-packages/selenium/webdriver/remote/webdriver.py:299: in start_session\n    response = self.execute(Command.NEW_SESSION, caps)[\"value\"]\n../../../.cache/pypoetry/virtualenvs/uk-bin-collection-EwS6Gn8s-py3.12/lib/python3.12/site-packages/selenium/webdriver/remote/webdriver.py:354: in execute\n    self.error_handler.check_response(response)\n_ _ _ _ _ _ _ _ _ _ _ _ _ _ _ _ _ _ _ _ _ _ _ _ _ _ _ _ _ _ _ _ _ _ _ _ _ _ _ _ \n\nself = <selenium.webdriver.remote.errorhandler.ErrorHandler object at 0x7fd5d42d2600>\nresponse = {'status': 500, 'value': '{\\n  \"value\": {\\n    \"error\": \"session not created\",\\n    \"message\": \"Could not start a new ...\"className\": \"java.lang.Thread\",\\n        \"lineNumber\": 840,\\n        \"classLoaderName\": null\\n      }\\n    ]\\n  }\\n}'}\n\n    def check_response(self, response: Dict[str, Any]) -> None:\n        \"\"\"Checks that a JSON response from the WebDriver does not have an\n        error.\n    \n        :Args:\n         - response - The JSON response from the WebDriver server as a dictionary\n           object.\n    \n        :Raises: If the response contains an error message.\n        \"\"\"\n        status = response.get(\"status\", None)\n        if not status or status == ErrorCode.SUCCESS:\n            return\n        value = None\n        message = response.get(\"message\", \"\")\n        screen: str = response.get(\"screen\", \"\")\n        stacktrace = None\n        if isinstance(status, int):\n            value_json = response.get(\"value\", None)\n            if value_json and isinstance(value_json, str):\n                import json\n    \n                try:\n                    value = json.loads(value_json)\n                    if len(value) == 1:\n                        value = value[\"value\"]\n                    status = value.get(\"error\", None)\n                    if not status:\n                        status = value.get(\"status\", ErrorCode.UNKNOWN_ERROR)\n                        message = value.get(\"value\") or value.get(\"message\")\n                        if not isinstance(message, str):\n                            value = message\n                            message = message.get(\"message\")\n                    else:\n                        message = value.get(\"message\", None)\n                except ValueError:\n                    pass\n    \n        exception_class: Type[WebDriverException]\n        e = ErrorCode()\n        error_codes = [item for item in dir(e) if not item.startswith(\"__\")]\n        for error_code in error_codes:\n            error_info = getattr(ErrorCode, error_code)\n            if isinstance(error_info, list) and status in error_info:\n                exception_class = getattr(ExceptionMapping, error_code, WebDriverException)\n                break\n        else:\n            exception_class = WebDriverException\n    \n        if not value:\n            value = response[\"value\"]\n        if isinstance(value, str):\n            raise exception_class(value)\n        if message == \"\" and \"message\" in value:\n            message = value[\"message\"]\n    \n        screen = None  # type: ignore[assignment]\n        if \"screen\" in value:\n            screen = value[\"screen\"]\n    \n        stacktrace = None\n        st_value = value.get(\"stackTrace\") or value.get(\"stacktrace\")\n        if st_value:\n            if isinstance(st_value, str):\n                stacktrace = st_value.split(\"\\n\")\n            else:\n                stacktrace = []\n                try:\n                    for frame in st_value:\n                        line = frame.get(\"lineNumber\", \"\")\n                        file = frame.get(\"fileName\", \"<anonymous>\")\n                        if line:\n                            file = f\"{file}:{line}\"\n                        meth = frame.get(\"methodName\", \"<anonymous>\")\n                        if \"className\" in frame:\n                            meth = f\"{frame['className']}.{meth}\"\n                        msg = \"    at %s (%s)\"\n                        msg = msg % (meth, file)\n                        stacktrace.append(msg)\n                except TypeError:\n                    pass\n        if exception_class == UnexpectedAlertPresentException:\n            alert_text = None\n            if \"data\" in value:\n                alert_text = value[\"data\"].get(\"text\")\n            elif \"alert\" in value:\n                alert_text = value[\"alert\"].get(\"text\")\n            raise exception_class(message, screen, stacktrace, alert_text)  # type: ignore[call-arg]  # mypy is not smart enough here\n>       raise exception_class(message, screen, stacktrace)\nE       selenium.common.exceptions.SessionNotCreatedException: Message: Could not start a new session. New session request timed out \nE       Host info: host: 'selenium', ip: '172.18.0.2'\nE       Build info: version: '4.25.0', revision: '030fcf7918'\nE       System info: os.name: 'Linux', os.arch: 'amd64', os.version: '6.8.0-1014-azure', java.version: '17.0.12'\nE       Driver info: driver.version: unknown\nE       Stacktrace:\nE           at org.openqa.selenium.grid.sessionqueue.local.LocalNewSessionQueue.addToQueue (LocalNewSessionQueue.java:221)\nE           at org.openqa.selenium.grid.sessionqueue.NewSessionQueue.lambda$new$0 (NewSessionQueue.java:68)\nE           at org.openqa.selenium.remote.http.Route$TemplatizedRoute.handle (Route.java:192)\nE           at org.openqa.selenium.remote.http.Route.execute (Route.java:69)\nE           at org.openqa.selenium.remote.http.Route$CombinedRoute.handle (Route.java:360)\nE           at org.openqa.selenium.remote.http.Route.execute (Route.java:69)\nE           at org.openqa.selenium.grid.sessionqueue.NewSessionQueue.execute (NewSessionQueue.java:128)\nE           at org.openqa.selenium.remote.tracing.SpanWrappedHttpHandler.execute (SpanWrappedHttpHandler.java:87)\nE           at org.openqa.selenium.remote.http.Filter$1.execute (Filter.java:63)\nE           at org.openqa.selenium.remote.http.Route$CombinedRoute.handle (Route.java:360)\nE           at org.openqa.selenium.remote.http.Route.execute (Route.java:69)\nE           at org.openqa.selenium.grid.router.Router.execute (Router.java:87)\nE           at org.openqa.selenium.grid.web.EnsureSpecCompliantResponseHeaders.lambda$apply$0 (EnsureSpecCompliantResponseHeaders.java:34)\nE           at org.openqa.selenium.remote.http.Filter$1.execute (Filter.java:63)\nE           at org.openqa.selenium.remote.http.Route$CombinedRoute.handle (Route.java:360)\nE           at org.openqa.selenium.remote.http.Route.execute (Route.java:69)\nE           at org.openqa.selenium.remote.AddWebDriverSpecHeaders.lambda$apply$0 (AddWebDriverSpecHeaders.java:35)\nE           at org.openqa.selenium.remote.ErrorFilter.lambda$apply$0 (ErrorFilter.java:44)\nE           at org.openqa.selenium.remote.http.Filter$1.execute (Filter.java:63)\nE           at org.openqa.selenium.remote.ErrorFilter.lambda$apply$0 (ErrorFilter.java:44)\nE           at org.openqa.selenium.remote.http.Filter$1.execute (Filter.java:63)\nE           at org.openqa.selenium.netty.server.SeleniumHandler.lambda$channelRead0$0 (SeleniumHandler.java:44)\nE           at java.util.concurrent.Executors$RunnableAdapter.call (Executors.java:539)\nE           at java.util.concurrent.FutureTask.run (FutureTask.java:264)\nE           at java.util.concurrent.ThreadPoolExecutor.runWorker (ThreadPoolExecutor.java:1136)\nE           at java.util.concurrent.ThreadPoolExecutor$Worker.run (ThreadPoolExecutor.java:635)\nE           at java.lang.Thread.run (Thread.java:840)\n\n../../../.cache/pypoetry/virtualenvs/uk-bin-collection-EwS6Gn8s-py3.12/lib/python3.12/site-packages/selenium/webdriver/remote/errorhandler.py:229: SessionNotCreatedException","steps":[{"name":"Given the council","time":{"start":1728173677653,"stop":1728173677654,"duration":1},"status":"passed","steps":[],"attachments":[],"parameters":[],"shouldDisplayMessage":false,"stepsCount":0,"attachmentsCount":0,"hasContent":false,"attachmentStep":false},{"name":"When we scrape the data from the council","time":{"start":1728173677654,"stop":1728173977685,"duration":300031},"status":"failed","statusMessage":"Message: Could not start a new session. New session request timed out \nHost info: host: 'selenium', ip: '172.18.0.2'\nBuild info: version: '4.25.0', revision: '030fcf7918'\nSystem info: os.name: 'Linux', os.arch: 'amd64', os.version: '6.8.0-1014-azure', java.version: '17.0.12'\nDriver info: driver.version: unknown\nStacktrace:\n    at org.openqa.selenium.grid.sessionqueue.local.LocalNewSessionQueue.addToQueue (LocalNewSessionQueue.java:221)\n    at org.openqa.selenium.grid.sessionqueue.NewSessionQueue.lambda$new$0 (NewSessionQueue.java:68)\n    at org.openqa.selenium.remote.http.Route$TemplatizedRoute.handle (Route.java:192)\n    at org.openqa.selenium.remote.http.Route.execute (Route.java:69)\n    at org.openqa.selenium.remote.http.Route$CombinedRoute.handle (Route.java:360)\n    at org.openqa.selenium.remote.http.Route.execute (Route.java:69)\n    at org.openqa.selenium.grid.sessionqueue.NewSessionQueue.execute (NewSessionQueue.java:128)\n    at org.openqa.selenium.remote.tracing.SpanWrappedHttpHandler.execute (SpanWrappedHttpHandler.java:87)\n    at org.openqa.selenium.remote.http.Filter$1.execute (Filter.java:63)\n    at org.openqa.selenium.remote.http.Route$CombinedRoute.handle (Route.java:360)\n    at org.openqa.selenium.remote.http.Route.execute (Route.java:69)\n    at org.openqa.selenium.grid.router.Router.execute (Router.java:87)\n    at org.openqa.selenium.grid.web.EnsureSpecCompliantResponseHeaders.lambda$apply$0 (EnsureSpecCompliantResponseHeaders.java:34)\n    at org.openqa.selenium.remote.http.Filter$1.execute (Filter.java:63)\n    at org.openqa.selenium.remote.http.Route$CombinedRoute.handle (Route.java:360)\n    at org.openqa.selenium.remote.http.Route.execute (Route.java:69)\n    at org.openqa.selenium.remote.AddWebDriverSpecHeaders.lambda$apply$0 (AddWebDriverSpecHeaders.java:35)\n    at org.openqa.selenium.remote.ErrorFilter.lambda$apply$0 (ErrorFilter.java:44)\n    at org.openqa.selenium.remote.http.Filter$1.execute (Filter.java:63)\n    at org.openqa.selenium.remote.ErrorFilter.lambda$apply$0 (ErrorFilter.java:44)\n    at org.openqa.selenium.remote.http.Filter$1.execute (Filter.java:63)\n    at org.openqa.selenium.netty.server.SeleniumHandler.lambda$channelRead0$0 (SeleniumHandler.java:44)\n    at java.util.concurrent.Executors$RunnableAdapter.call (Executors.java:539)\n    at java.util.concurrent.FutureTask.run (FutureTask.java:264)\n    at java.util.concurrent.ThreadPoolExecutor.runWorker (ThreadPoolExecutor.java:1136)\n    at java.util.concurrent.ThreadPoolExecutor$Worker.run (ThreadPoolExecutor.java:635)\n    at java.lang.Thread.run (Thread.java:840)","statusTrace":"selenium.common.exceptions.SessionNotCreatedException: Message: Could not start a new session. New session request timed out \nHost info: host: 'selenium', ip: '172.18.0.2'\nBuild info: version: '4.25.0', revision: '030fcf7918'\nSystem info: os.name: 'Linux', os.arch: 'amd64', os.version: '6.8.0-1014-azure', java.version: '17.0.12'\nDriver info: driver.version: unknown\nStacktrace:\n    at org.openqa.selenium.grid.sessionqueue.local.LocalNewSessionQueue.addToQueue (LocalNewSessionQueue.java:221)\n    at org.openqa.selenium.grid.sessionqueue.NewSessionQueue.lambda$new$0 (NewSessionQueue.java:68)\n    at org.openqa.selenium.remote.http.Route$TemplatizedRoute.handle (Route.java:192)\n    at org.openqa.selenium.remote.http.Route.execute (Route.java:69)\n    at org.openqa.selenium.remote.http.Route$CombinedRoute.handle (Route.java:360)\n    at org.openqa.selenium.remote.http.Route.execute (Route.java:69)\n    at org.openqa.selenium.grid.sessionqueue.NewSessionQueue.execute (NewSessionQueue.java:128)\n    at org.openqa.selenium.remote.tracing.SpanWrappedHttpHandler.execute (SpanWrappedHttpHandler.java:87)\n    at org.openqa.selenium.remote.http.Filter$1.execute (Filter.java:63)\n    at org.openqa.selenium.remote.http.Route$CombinedRoute.handle (Route.java:360)\n    at org.openqa.selenium.remote.http.Route.execute (Route.java:69)\n    at org.openqa.selenium.grid.router.Router.execute (Router.java:87)\n    at org.openqa.selenium.grid.web.EnsureSpecCompliantResponseHeaders.lambda$apply$0 (EnsureSpecCompliantResponseHeaders.java:34)\n    at org.openqa.selenium.remote.http.Filter$1.execute (Filter.java:63)\n    at org.openqa.selenium.remote.http.Route$CombinedRoute.handle (Route.java:360)\n    at org.openqa.selenium.remote.http.Route.execute (Route.java:69)\n    at org.openqa.selenium.remote.AddWebDriverSpecHeaders.lambda$apply$0 (AddWebDriverSpecHeaders.java:35)\n    at org.openqa.selenium.remote.ErrorFilter.lambda$apply$0 (ErrorFilter.java:44)\n    at org.openqa.selenium.remote.http.Filter$1.execute (Filter.java:63)\n    at org.openqa.selenium.remote.ErrorFilter.lambda$apply$0 (ErrorFilter.java:44)\n    at org.openqa.selenium.remote.http.Filter$1.execute (Filter.java:63)\n    at org.openqa.selenium.netty.server.SeleniumHandler.lambda$channelRead0$0 (SeleniumHandler.java:44)\n    at java.util.concurrent.Executors$RunnableAdapter.call (Executors.java:539)\n    at java.util.concurrent.FutureTask.run (FutureTask.java:264)\n    at java.util.concurrent.ThreadPoolExecutor.runWorker (ThreadPoolExecutor.java:1136)\n    at java.util.concurrent.ThreadPoolExecutor$Worker.run (ThreadPoolExecutor.java:635)\n    at java.lang.Thread.run (Thread.java:840)\n","steps":[],"attachments":[],"parameters":[],"shouldDisplayMessage":true,"stepsCount":0,"attachmentsCount":0,"hasContent":true,"attachmentStep":false}],"attachments":[{"uid":"b3d4ea18047b2ff6","name":"stdout","source":"b3d4ea18047b2ff6.txt","type":"text/plain","size":2658}],"parameters":[],"shouldDisplayMessage":true,"stepsCount":2,"attachmentsCount":1,"hasContent":true,"attachmentStep":false},"afterStages":[],"labels":[{"name":"host","value":"fv-az975-66"},{"name":"thread","value":"2868-MainThread"},{"name":"framework","value":"pytest-bdd"},{"name":"language","value":"cpython3"},{"name":"feature","value":"Test each council output matches expected results"},{"name":"resultFormat","value":"allure2"}],"parameters":[{"name":"council","value":"GloucesterCityCouncil"}],"links":[],"hidden":false,"retry":false,"extra":{"severity":"normal","retries":[],"categories":[{"name":"Product defects","matchedStatuses":[],"flaky":false}],"history":{"statistic":{"failed":5,"broken":0,"skipped":0,"passed":26,"unknown":0,"total":31},"items":[{"uid":"2af28d61dd32eefd","reportUrl":"https://robbrad.github.io/UKBinCollectionData/3.12/2160//#testresult/2af28d61dd32eefd","status":"passed","time":{"start":1728087136462,"stop":1728087230221,"duration":93759}},{"uid":"3a1d37aaa62f6700","reportUrl":"https://robbrad.github.io/UKBinCollectionData/3.12/2152//#testresult/3a1d37aaa62f6700","status":"failed","statusDetails":"selenium.common.exceptions.SessionNotCreatedException: Message: Could not start a new session. New session request timed out \nHost info: host: 'selenium', ip: '172.18.0.2'\nBuild info: version: '4.25.0', revision: '030fcf7918'\nSystem info: os.name: 'Linux', os.arch: 'amd64', os.version: '6.8.0-1014-azure', java.version: '17.0.12'\nDriver info: driver.version: unknown\nStacktrace:\n    at org.openqa.selenium.grid.sessionqueue.local.LocalNewSessionQueue.addToQueue (LocalNewSessionQueue.java:221)\n    at org.openqa.selenium.grid.sessionqueue.NewSessionQueue.lambda$new$0 (NewSessionQueue.java:68)\n    at org.openqa.selenium.remote.http.Route$TemplatizedRoute.handle (Route.java:192)\n    at org.openqa.selenium.remote.http.Route.execute (Route.java:69)\n    at org.openqa.selenium.remote.http.Route$CombinedRoute.handle (Route.java:360)\n    at org.openqa.selenium.remote.http.Route.execute (Route.java:69)\n    at org.openqa.selenium.grid.sessionqueue.NewSessionQueue.execute (NewSessionQueue.java:128)\n    at org.openqa.selenium.remote.tracing.SpanWrappedHttpHandler.execute (SpanWrappedHttpHandler.java:87)\n    at org.openqa.selenium.remote.http.Filter$1.execute (Filter.java:63)\n    at org.openqa.selenium.remote.http.Route$CombinedRoute.handle (Route.java:360)\n    at org.openqa.selenium.remote.http.Route.execute (Route.java:69)\n    at org.openqa.selenium.grid.router.Router.execute (Router.java:87)\n    at org.openqa.selenium.grid.web.EnsureSpecCompliantResponseHeaders.lambda$apply$0 (EnsureSpecCompliantResponseHeaders.java:34)\n    at org.openqa.selenium.remote.http.Filter$1.execute (Filter.java:63)\n    at org.openqa.selenium.remote.http.Route$CombinedRoute.handle (Route.java:360)\n    at org.openqa.selenium.remote.http.Route.execute (Route.java:69)\n    at org.openqa.selenium.remote.AddWebDriverSpecHeaders.lambda$apply$0 (AddWebDriverSpecHeaders.java:35)\n    at org.openqa.selenium.remote.ErrorFilter.lambda$apply$0 (ErrorFilter.java:44)\n    at org.openqa.selenium.remote.http.Filter$1.execute (Filter.java:63)\n    at org.openqa.selenium.remote.ErrorFilter.lambda$apply$0 (ErrorFilter.java:44)\n    at org.openqa.selenium.remote.http.Filter$1.execute (Filter.java:63)\n    at org.openqa.selenium.netty.server.SeleniumHandler.lambda$channelRead0$0 (SeleniumHandler.java:44)\n    at java.util.concurrent.Executors$RunnableAdapter.call (Executors.java:539)\n    at java.util.concurrent.FutureTask.run (FutureTask.java:264)\n    at java.util.concurrent.ThreadPoolExecutor.runWorker (ThreadPoolExecutor.java:1136)\n    at java.util.concurrent.ThreadPoolExecutor$Worker.run (ThreadPoolExecutor.java:635)\n    at java.lang.Thread.run (Thread.java:840)","time":{"start":1728000741886,"stop":1728001042008,"duration":300122}},{"uid":"8b8f8a14723e66ad","reportUrl":"https://robbrad.github.io/UKBinCollectionData/3.12/2148//#testresult/8b8f8a14723e66ad","status":"passed","time":{"start":1727932815968,"stop":1727932888883,"duration":72915}},{"uid":"a3c493bc47561453","reportUrl":"https://robbrad.github.io/UKBinCollectionData/3.12/2146//#testresult/a3c493bc47561453","status":"passed","time":{"start":1727914628710,"stop":1727914688015,"duration":59305}},{"uid":"a1f55754994f5089","reportUrl":"https://robbrad.github.io/UKBinCollectionData/3.12/2139//#testresult/a1f55754994f5089","status":"passed","time":{"start":1727828178140,"stop":1727828246627,"duration":68487}},{"uid":"3f69360804613da7","reportUrl":"https://robbrad.github.io/UKBinCollectionData/3.12/2138//#testresult/3f69360804613da7","status":"passed","time":{"start":1727741816999,"stop":1727741885950,"duration":68951}},{"uid":"99a9019bb65d1ab4","reportUrl":"https://robbrad.github.io/UKBinCollectionData/3.12/2137//#testresult/99a9019bb65d1ab4","status":"passed","time":{"start":1727655433380,"stop":1727655498945,"duration":65565}},{"uid":"9f720308b548e242","reportUrl":"https://robbrad.github.io/UKBinCollectionData/3.12/2136//#testresult/9f720308b548e242","status":"passed","time":{"start":1727568893040,"stop":1727568966691,"duration":73651}},{"uid":"6e3d35ea23f0eea4","reportUrl":"https://robbrad.github.io/UKBinCollectionData/3.12/2135//#testresult/6e3d35ea23f0eea4","status":"failed","statusDetails":"selenium.common.exceptions.NoSuchElementException: Message: Cannot locate option with value: 100120479507; For documentation on this error, please visit: https://www.selenium.dev/documentation/webdriver/troubleshooting/errors#no-such-element-exception","time":{"start":1727482582364,"stop":1727482618963,"duration":36599}},{"uid":"4758e941b2f9551a","reportUrl":"https://robbrad.github.io/UKBinCollectionData/3.12/2131//#testresult/4758e941b2f9551a","status":"failed","statusDetails":"selenium.common.exceptions.TimeoutException: Message:","time":{"start":1727422553882,"stop":1727422623356,"duration":69474}},{"uid":"1db54ec729c3966a","reportUrl":"https://robbrad.github.io/UKBinCollectionData/3.12/2130//#testresult/1db54ec729c3966a","status":"passed","time":{"start":1727396302619,"stop":1727396351964,"duration":49345}},{"uid":"93ca17392155ea4b","reportUrl":"https://robbrad.github.io/UKBinCollectionData/3.12/2129//#testresult/93ca17392155ea4b","status":"failed","statusDetails":"selenium.common.exceptions.NoSuchElementException: Message: Cannot locate option with value: 100120479507; For documentation on this error, please visit: https://www.selenium.dev/documentation/webdriver/troubleshooting/errors#no-such-element-exception","time":{"start":1727309847591,"stop":1727309897510,"duration":49919}},{"uid":"64a5aa431fdd4273","reportUrl":"https://robbrad.github.io/UKBinCollectionData/3.12/2128//#testresult/64a5aa431fdd4273","status":"passed","time":{"start":1727223459338,"stop":1727223505362,"duration":46024}},{"uid":"1b750a991618d591","reportUrl":"https://robbrad.github.io/UKBinCollectionData/3.12/2127//#testresult/1b750a991618d591","status":"passed","time":{"start":1727137125216,"stop":1727137194749,"duration":69533}},{"uid":"72754f9dd89fdc03","reportUrl":"https://robbrad.github.io/UKBinCollectionData/3.12/2126//#testresult/72754f9dd89fdc03","status":"passed","time":{"start":1727050784103,"stop":1727050836436,"duration":52333}},{"uid":"ca937ab548bf406","reportUrl":"https://robbrad.github.io/UKBinCollectionData/3.12/2125//#testresult/ca937ab548bf406","status":"passed","time":{"start":1726964357816,"stop":1726964418723,"duration":60907}},{"uid":"41d626fbb328cc1c","reportUrl":"https://robbrad.github.io/UKBinCollectionData/3.12/2124//#testresult/41d626fbb328cc1c","status":"passed","time":{"start":1726877975554,"stop":1726878035203,"duration":59649}},{"uid":"58e46b54e08586ad","reportUrl":"https://robbrad.github.io/UKBinCollectionData/3.12/2123//#testresult/58e46b54e08586ad","status":"passed","time":{"start":1726791521490,"stop":1726791555657,"duration":34167}},{"uid":"af45c2c5d51b4c81","reportUrl":"https://robbrad.github.io/UKBinCollectionData/3.12/2122//#testresult/af45c2c5d51b4c81","status":"passed","time":{"start":1726705052960,"stop":1726705126323,"duration":73363}},{"uid":"dd5ea827bfb7841d","reportUrl":"https://robbrad.github.io/UKBinCollectionData/3.12/2121//#testresult/dd5ea827bfb7841d","status":"passed","time":{"start":1726618670914,"stop":1726618731634,"duration":60720}}]},"tags":[]},"source":"f58336bbb9877291.json","parameterValues":["GloucesterCityCouncil"]}